<?xml version="1.0" encoding="UTF-8"?>
<!-- Generated by org.testng.reporters.JUnitReportReporter -->
<testsuite skipped="0" hostname="HP-PC" name="flipkart.testcases.TC_001" tests="1" failures="0" timestamp="09 May 2020 06:51:27 GMT" time="193.576" errors="0">
  <testcase name="simpleTest" time="193.576" classname="flipkart.testcases.TC_001"/>
</testsuite> <!-- flipkart.testcases.TC_001 -->
