<?xml version="1.0" encoding="UTF-8"?>
<!-- Generated by org.testng.reporters.JUnitReportReporter -->
<testsuite skipped="0" hostname="HP-PC" name="flipkart.testcases.TC_001" tests="1" failures="0" timestamp="29 Apr 2020 10:49:56 GMT" time="118.397" errors="0">
  <testcase name="simpleTest" time="118.397" classname="flipkart.testcases.TC_001"/>
</testsuite> <!-- flipkart.testcases.TC_001 -->
