<?xml version="1.0" encoding="UTF-8"?>
<!-- Generated by org.testng.reporters.JUnitReportReporter -->
<testsuite skipped="0" hostname="HP-PC" name="testNextGen.First" tests="1" failures="0" timestamp="30 Apr 2020 11:25:46 GMT" time="0.026" errors="0">
  <testcase name="FirstTestMethod" time="0.026" classname="testNextGen.First"/>
</testsuite> <!-- testNextGen.First -->
