<?xml version="1.0" encoding="UTF-8"?>
<!-- Generated by org.testng.reporters.JUnitReportReporter -->
<testsuite skipped="0" hostname="HP-PC" name="testNextGen.SecondTest" tests="2" failures="0" timestamp="30 Apr 2020 11:26:17 GMT" time="0.023" errors="0">
  <testcase name="FirFirstTestMethod" time="0.005" classname="testNextGen.SecondTest"/>
  <testcase name="SecSecondTestMethod" time="0.018" classname="testNextGen.SecondTest"/>
</testsuite> <!-- testNextGen.SecondTest -->
